[0111/182759.684:ERROR:process_info.cc(632)] range at 0xbdc53ccc00000000, size 0x256 fully unreadable
[0111/182759.960:ERROR:process_info.cc(632)] range at 0xbdc53d3200000000, size 0x256 fully unreadable
[0111/182759.960:ERROR:process_info.cc(632)] range at 0x0, size 0x256 fully unreadable
[0111/182800.047:ERROR:process_info.cc(380)] UncheckedAllocate
[0111/182800.380:ERROR:process_reader_win.cc(242)] ReadMemory at 0x7ffa6439e1c9 of 512 bytes failed: Запрос ReadProcessMemory или WriteProcessMemory был выполнен только частично. (0x12B)
[0111/182800.383:ERROR:crash_report_exception_handler.cc(116)] WriteEverything failed
[0111/182800.666:ERROR:process_info.cc(632)] range at 0x58813ccc00000000, size 0x26d fully unreadable
[0111/182800.666:ERROR:process_info.cc(632)] range at 0x58813d3200000000, size 0x26d fully unreadable
[0111/182800.667:ERROR:process_info.cc(632)] range at 0x0, size 0x26d fully unreadable
[0111/182809.344:ERROR:scoped_process_suspend.cc(31)] NtSuspendProcess: Попытка доступа к процессу, выполняющему процедуру завершения.  (0xc000010a)
[0111/182809.345:ERROR:process_info.cc(118)] ReadProcessMemory bool __cdecl crashpad::`anonymous-namespace'::ReadStruct<struct crashpad::process_types::PEB<struct crashpad::process_types::internal::Traits64>>(void *,unsigned __int64,struct crashpad::process_types::PEB<struct crashpad::process_types::internal::Traits64> *): Запрос ReadProcessMemory или WriteProcessMemory был выполнен только частично. (0x12B)
[0111/182809.345:ERROR:process_info.cc(566)] ReadProcessData failed
[0111/182809.345:ERROR:process_reader_win.cc(242)] ReadMemory at 0x7ffa87605720 of 12 bytes failed: Запрос ReadProcessMemory или WriteProcessMemory был выполнен только частично. (0x12B)
[0111/182809.346:WARNING:process_snapshot_win.cc(72)] ReadMemory ExceptionInformation failed
[0111/182809.346:WARNING:crash_report_exception_handler.cc(62)] ProcessSnapshotWin::Initialize failed
[0111/182809.393:ERROR:process_info.cc(632)] range at 0xa1373ccc00000000, size 0x1a5 fully unreadable
[0111/182809.393:ERROR:process_info.cc(632)] range at 0xa1373d3200000000, size 0x1a5 fully unreadable
[0111/182809.393:ERROR:process_info.cc(632)] range at 0x0, size 0x1a5 fully unreadable
[0111/182809.513:ERROR:scoped_process_suspend.cc(31)] NtSuspendProcess: Попытка доступа к процессу, выполняющему процедуру завершения.  (0xc000010a)
[0111/182809.513:ERROR:process_info.cc(118)] ReadProcessMemory bool __cdecl crashpad::`anonymous-namespace'::ReadStruct<struct crashpad::process_types::PEB<struct crashpad::process_types::internal::Traits64>>(void *,unsigned __int64,struct crashpad::process_types::PEB<struct crashpad::process_types::internal::Traits64> *): Запрос ReadProcessMemory или WriteProcessMemory был выполнен только частично. (0x12B)
[0111/182809.513:ERROR:process_info.cc(566)] ReadProcessData failed
[0111/182809.514:ERROR:process_reader_win.cc(242)] ReadMemory at 0x7ffa87605720 of 12 bytes failed: Запрос ReadProcessMemory или WriteProcessMemory был выполнен только частично. (0x12B)
[0111/182809.516:WARNING:process_snapshot_win.cc(72)] ReadMemory ExceptionInformation failed
[0111/182809.517:WARNING:crash_report_exception_handler.cc(62)] ProcessSnapshotWin::Initialize failed
[0111/182809.517:ERROR:scoped_process_suspend.cc(31)] NtSuspendProcess: Попытка доступа к процессу, выполняющему процедуру завершения.  (0xc000010a)
[0111/182809.519:ERROR:process_info.cc(118)] ReadProcessMemory bool __cdecl crashpad::`anonymous-namespace'::ReadStruct<struct crashpad::process_types::PEB<struct crashpad::process_types::internal::Traits64>>(void *,unsigned __int64,struct crashpad::process_types::PEB<struct crashpad::process_types::internal::Traits64> *): Запрос ReadProcessMemory или WriteProcessMemory был выполнен только частично. (0x12B)
[0111/182809.519:ERROR:process_info.cc(566)] ReadProcessData failed
[0111/182809.520:ERROR:process_reader_win.cc(242)] ReadMemory at 0x7ffa87605720 of 12 bytes failed: Запрос ReadProcessMemory или WriteProcessMemory был выполнен только частично. (0x12B)
[0111/182809.521:WARNING:process_snapshot_win.cc(72)] ReadMemory ExceptionInformation failed
[0111/182809.521:WARNING:crash_report_exception_handler.cc(62)] ProcessSnapshotWin::Initialize failed
[0111/182809.668:ERROR:process_info.cc(632)] range at 0x6d913ccc00000000, size 0x1b3 fully unreadable
[0111/182809.668:ERROR:process_info.cc(632)] range at 0x6d913d3200000000, size 0x1b3 fully unreadable
[0111/182809.668:ERROR:process_info.cc(632)] range at 0x0, size 0x1b3 fully unreadable
[0111/182809.691:ERROR:scoped_process_suspend.cc(31)] NtSuspendProcess: Попытка доступа к процессу, выполняющему процедуру завершения.  (0xc000010a)
[0111/182809.692:ERROR:process_info.cc(118)] ReadProcessMemory bool __cdecl crashpad::`anonymous-namespace'::ReadStruct<struct crashpad::process_types::PEB<struct crashpad::process_types::internal::Traits64>>(void *,unsigned __int64,struct crashpad::process_types::PEB<struct crashpad::process_types::internal::Traits64> *): Запрос ReadProcessMemory или WriteProcessMemory был выполнен только частично. (0x12B)
[0111/182809.692:ERROR:process_info.cc(566)] ReadProcessData failed
[0111/182809.692:ERROR:process_reader_win.cc(242)] ReadMemory at 0x7ffa87605720 of 12 bytes failed: Запрос ReadProcessMemory или WriteProcessMemory был выполнен только частично. (0x12B)
[0111/182809.693:WARNING:process_snapshot_win.cc(72)] ReadMemory ExceptionInformation failed
[0111/182809.693:WARNING:crash_report_exception_handler.cc(62)] ProcessSnapshotWin::Initialize failed
[0111/182809.930:ERROR:scoped_process_suspend.cc(31)] NtSuspendProcess: Попытка доступа к процессу, выполняющему процедуру завершения.  (0xc000010a)
[0111/182809.931:ERROR:process_info.cc(118)] ReadProcessMemory bool __cdecl crashpad::`anonymous-namespace'::ReadStruct<struct crashpad::process_types::PEB<struct crashpad::process_types::internal::Traits64>>(void *,unsigned __int64,struct crashpad::process_types::PEB<struct crashpad::process_types::internal::Traits64> *): Запрос ReadProcessMemory или WriteProcessMemory был выполнен только частично. (0x12B)
[0111/182809.931:ERROR:process_info.cc(566)] ReadProcessData failed
[0111/182809.931:ERROR:process_reader_win.cc(242)] ReadMemory at 0x7ffa87605720 of 12 bytes failed: Запрос ReadProcessMemory или WriteProcessMemory был выполнен только частично. (0x12B)
[0111/182809.932:WARNING:process_snapshot_win.cc(72)] ReadMemory ExceptionInformation failed
[0111/182809.932:WARNING:crash_report_exception_handler.cc(62)] ProcessSnapshotWin::Initialize failed
[0111/182809.965:ERROR:scoped_process_suspend.cc(31)] NtSuspendProcess: Попытка доступа к процессу, выполняющему процедуру завершения.  (0xc000010a)
[0111/182809.965:ERROR:process_info.cc(118)] ReadProcessMemory bool __cdecl crashpad::`anonymous-namespace'::ReadStruct<struct crashpad::process_types::PEB<struct crashpad::process_types::internal::Traits64>>(void *,unsigned __int64,struct crashpad::process_types::PEB<struct crashpad::process_types::internal::Traits64> *): Запрос ReadProcessMemory или WriteProcessMemory был выполнен только частично. (0x12B)
[0111/182809.965:ERROR:process_info.cc(566)] ReadProcessData failed
[0111/182809.965:ERROR:process_reader_win.cc(242)] ReadMemory at 0x7ffa87605720 of 12 bytes failed: Запрос ReadProcessMemory или WriteProcessMemory был выполнен только частично. (0x12B)
[0111/182809.965:WARNING:process_snapshot_win.cc(72)] ReadMemory ExceptionInformation failed
[0111/182809.965:WARNING:crash_report_exception_handler.cc(62)] ProcessSnapshotWin::Initialize failed
[0111/182810.004:ERROR:scoped_process_suspend.cc(31)] NtSuspendProcess: Попытка доступа к процессу, выполняющему процедуру завершения.  (0xc000010a)
[0111/182810.004:ERROR:process_info.cc(118)] ReadProcessMemory bool __cdecl crashpad::`anonymous-namespace'::ReadStruct<struct crashpad::process_types::PEB<struct crashpad::process_types::internal::Traits64>>(void *,unsigned __int64,struct crashpad::process_types::PEB<struct crashpad::process_types::internal::Traits64> *): Запрос ReadProcessMemory или WriteProcessMemory был выполнен только частично. (0x12B)
[0111/182810.005:ERROR:process_info.cc(566)] ReadProcessData failed
[0111/182810.005:ERROR:process_reader_win.cc(242)] ReadMemory at 0x7ffa87605720 of 12 bytes failed: Запрос ReadProcessMemory или WriteProcessMemory был выполнен только частично. (0x12B)
[0111/182810.005:WARNING:process_snapshot_win.cc(72)] ReadMemory ExceptionInformation failed
[0111/182810.005:WARNING:crash_report_exception_handler.cc(62)] ProcessSnapshotWin::Initialize failed
[0111/182810.005:ERROR:scoped_process_suspend.cc(31)] NtSuspendProcess: Попытка доступа к процессу, выполняющему процедуру завершения.  (0xc000010a)
[0111/182810.005:ERROR:process_info.cc(118)] ReadProcessMemory bool __cdecl crashpad::`anonymous-namespace'::ReadStruct<struct crashpad::process_types::PEB<struct crashpad::process_types::internal::Traits64>>(void *,unsigned __int64,struct crashpad::process_types::PEB<struct crashpad::process_types::internal::Traits64> *): Запрос ReadProcessMemory или WriteProcessMemory был выполнен только частично. (0x12B)
[0111/182810.006:ERROR:process_info.cc(566)] ReadProcessData failed
[0111/182810.006:ERROR:process_reader_win.cc(242)] ReadMemory at 0x7ffa87605720 of 12 bytes failed: Запрос ReadProcessMemory или WriteProcessMemory был выполнен только частично. (0x12B)
[0111/182810.006:WARNING:process_snapshot_win.cc(72)] ReadMemory ExceptionInformation failed
[0111/182810.006:WARNING:crash_report_exception_handler.cc(62)] ProcessSnapshotWin::Initialize failed
[0111/182810.061:ERROR:process_info.cc(632)] range at 0x8c383ccc00000000, size 0x29b fully unreadable
[0111/182810.061:ERROR:process_info.cc(632)] range at 0x8c383d3200000000, size 0x29b fully unreadable
[0111/182810.061:ERROR:process_info.cc(632)] range at 0x0, size 0x29b fully unreadable
[0111/182810.062:ERROR:process_info.cc(632)] range at 0x65a33ccc00000000, size 0x204 fully unreadable
[0111/182810.062:ERROR:process_info.cc(632)] range at 0x65a33d3200000000, size 0x204 fully unreadable
[0111/182810.062:ERROR:process_info.cc(632)] range at 0x0, size 0x204 fully unreadable
[0111/182810.287:ERROR:process_info.cc(632)] range at 0x9a6a3cca00000000, size 0x12d fully unreadable
[0111/182810.287:ERROR:process_info.cc(632)] range at 0x9a6a3d3000000000, size 0x12d fully unreadable
[0111/182810.287:ERROR:process_info.cc(632)] range at 0x0, size 0x12d fully unreadable
[0111/182810.384:ERROR:process_info.cc(632)] range at 0x75bb3ccc00000000, size 0x284 fully unreadable
[0111/182810.384:ERROR:process_info.cc(632)] range at 0x75bb3d3200000000, size 0x284 fully unreadable
[0111/182810.384:ERROR:process_info.cc(632)] range at 0x0, size 0x284 fully unreadable
[0111/182810.446:ERROR:process_info.cc(632)] range at 0x2a583ccc00000000, size 0x136 fully unreadable
[0111/182810.446:ERROR:process_info.cc(632)] range at 0x2a583d3200000000, size 0x136 fully unreadable
[0111/182810.446:ERROR:process_info.cc(632)] range at 0x0, size 0x136 fully unreadable
